mode: atomic
github.com/Flur3x/go-chain/miner/miner.go:18.38,19.6 1 0
github.com/Flur3x/go-chain/miner/miner.go:19.6,20.37 1 0
github.com/Flur3x/go-chain/miner/miner.go:20.37,22.4 1 0
github.com/Flur3x/go-chain/miner/miner.go:26.24,30.16 3 0
github.com/Flur3x/go-chain/miner/miner.go:34.2,34.35 1 0
github.com/Flur3x/go-chain/miner/miner.go:30.16,32.3 1 0
github.com/Flur3x/go-chain/miner/miner.go:37.59,38.28 1 0
github.com/Flur3x/go-chain/miner/miner.go:38.28,41.17 2 0
github.com/Flur3x/go-chain/miner/miner.go:45.3,45.14 1 0
github.com/Flur3x/go-chain/miner/miner.go:41.17,43.4 1 0
github.com/Flur3x/go-chain/miner/miner.go:45.14,47.4 1 0
github.com/Flur3x/go-chain/miner/miner.go:51.70,54.16 2 0
github.com/Flur3x/go-chain/miner/miner.go:58.2,62.16 4 0
github.com/Flur3x/go-chain/miner/miner.go:66.2,68.23 2 0
github.com/Flur3x/go-chain/miner/miner.go:79.2,79.30 1 0
github.com/Flur3x/go-chain/miner/miner.go:54.16,56.3 1 0
github.com/Flur3x/go-chain/miner/miner.go:62.16,64.3 1 0
github.com/Flur3x/go-chain/miner/miner.go:68.23,77.3 1 0
github.com/Flur3x/go-chain/miner/miner.go:82.50,87.24 4 0
github.com/Flur3x/go-chain/miner/miner.go:91.2,91.30 1 0
github.com/Flur3x/go-chain/miner/miner.go:95.2,95.10 1 0
github.com/Flur3x/go-chain/miner/miner.go:87.24,89.3 1 0
github.com/Flur3x/go-chain/miner/miner.go:91.30,93.3 1 0
github.com/Flur3x/go-chain/miner/miner.go:98.31,100.2 1 0
github.com/Flur3x/go-chain/blockchain/block.go:12.32,21.2 1 1
github.com/Flur3x/go-chain/blockchain/block.go:24.47,27.16 2 6
github.com/Flur3x/go-chain/blockchain/block.go:31.2,31.28 1 6
github.com/Flur3x/go-chain/blockchain/block.go:27.16,29.3 1 0
github.com/Flur3x/go-chain/blockchain/block.go:35.123,40.57 4 7
github.com/Flur3x/go-chain/blockchain/block.go:44.2,44.43 1 7
github.com/Flur3x/go-chain/blockchain/block.go:40.57,42.3 1 0
github.com/Flur3x/go-chain/blockchain/blockchain.go:20.37,23.36 2 0
github.com/Flur3x/go-chain/blockchain/blockchain.go:43.2,43.52 1 0
github.com/Flur3x/go-chain/blockchain/blockchain.go:23.36,25.38 2 0
github.com/Flur3x/go-chain/blockchain/blockchain.go:40.3,40.14 1 0
github.com/Flur3x/go-chain/blockchain/blockchain.go:25.38,30.18 3 0
github.com/Flur3x/go-chain/blockchain/blockchain.go:35.4,35.40 1 0
github.com/Flur3x/go-chain/blockchain/blockchain.go:30.18,33.5 2 0
github.com/Flur3x/go-chain/blockchain/blockchain.go:35.40,37.5 1 0
github.com/Flur3x/go-chain/blockchain/blockchain.go:47.18,56.2 5 0
github.com/Flur3x/go-chain/blockchain/blockchain.go:59.32,62.16 2 0
github.com/Flur3x/go-chain/blockchain/blockchain.go:66.2,68.36 2 0
github.com/Flur3x/go-chain/blockchain/blockchain.go:72.2,74.12 2 0
github.com/Flur3x/go-chain/blockchain/blockchain.go:62.16,64.3 1 0
github.com/Flur3x/go-chain/blockchain/blockchain.go:68.36,70.3 1 0
github.com/Flur3x/go-chain/blockchain/blockchain.go:78.35,81.16 2 0
github.com/Flur3x/go-chain/blockchain/blockchain.go:85.2,85.39 1 0
github.com/Flur3x/go-chain/blockchain/blockchain.go:81.16,83.3 1 0
github.com/Flur3x/go-chain/blockchain/blockchain.go:89.32,91.2 1 0
github.com/Flur3x/go-chain/blockchain/blockchain.go:93.32,96.33 2 0
github.com/Flur3x/go-chain/blockchain/blockchain.go:100.2,100.15 1 0
github.com/Flur3x/go-chain/blockchain/blockchain.go:96.33,98.3 1 0
github.com/Flur3x/go-chain/blockchain/blockchain.go:103.34,105.2 1 0
github.com/Flur3x/go-chain/blockchain/blockchain.go:107.36,114.16 4 0
github.com/Flur3x/go-chain/blockchain/blockchain.go:118.2,120.47 2 0
github.com/Flur3x/go-chain/blockchain/blockchain.go:124.2,124.19 1 0
github.com/Flur3x/go-chain/blockchain/blockchain.go:114.16,116.3 1 0
github.com/Flur3x/go-chain/blockchain/blockchain.go:120.47,122.3 1 0
github.com/Flur3x/go-chain/blockchain/blockchain.go:127.37,132.16 3 0
github.com/Flur3x/go-chain/blockchain/blockchain.go:136.2,136.41 1 0
github.com/Flur3x/go-chain/blockchain/blockchain.go:140.2,140.43 1 0
github.com/Flur3x/go-chain/blockchain/blockchain.go:144.2,146.46 2 0
github.com/Flur3x/go-chain/blockchain/blockchain.go:150.2,150.12 1 0
github.com/Flur3x/go-chain/blockchain/blockchain.go:132.16,134.3 1 0
github.com/Flur3x/go-chain/blockchain/blockchain.go:136.41,138.3 1 0
github.com/Flur3x/go-chain/blockchain/blockchain.go:140.43,142.3 1 0
github.com/Flur3x/go-chain/blockchain/blockchain.go:146.46,148.3 1 0
github.com/Flur3x/go-chain/blockchain/blockchain.go:153.36,155.2 1 0
