mode: atomic
github.com/Flur3x/go-chain/blockchain/block.go:15.54,18.16 2 0
github.com/Flur3x/go-chain/blockchain/block.go:22.2,22.28 1 0
github.com/Flur3x/go-chain/blockchain/block.go:18.16,20.3 1 0
github.com/Flur3x/go-chain/blockchain/block.go:22.28,27.17 4 0
github.com/Flur3x/go-chain/blockchain/block.go:31.3,31.68 1 0
github.com/Flur3x/go-chain/blockchain/block.go:27.17,29.4 1 0
github.com/Flur3x/go-chain/blockchain/block.go:31.68,40.4 1 0
github.com/Flur3x/go-chain/blockchain/block.go:45.32,54.2 1 1
github.com/Flur3x/go-chain/blockchain/block.go:57.42,60.16 2 0
github.com/Flur3x/go-chain/blockchain/block.go:64.2,64.55 1 0
github.com/Flur3x/go-chain/blockchain/block.go:60.16,62.3 1 0
github.com/Flur3x/go-chain/blockchain/block.go:67.112,72.57 4 1
github.com/Flur3x/go-chain/blockchain/block.go:76.2,76.43 1 1
github.com/Flur3x/go-chain/blockchain/block.go:72.57,74.3 1 0
github.com/Flur3x/go-chain/blockchain/block.go:79.50,84.24 4 0
github.com/Flur3x/go-chain/blockchain/block.go:88.2,88.30 1 0
github.com/Flur3x/go-chain/blockchain/block.go:92.2,92.10 1 0
github.com/Flur3x/go-chain/blockchain/block.go:84.24,86.3 1 0
github.com/Flur3x/go-chain/blockchain/block.go:88.30,90.3 1 0
github.com/Flur3x/go-chain/blockchain/block.go:95.31,97.2 1 0
github.com/Flur3x/go-chain/blockchain/blockchain.go:20.18,29.2 5 0
github.com/Flur3x/go-chain/blockchain/blockchain.go:32.32,35.16 2 0
github.com/Flur3x/go-chain/blockchain/blockchain.go:39.2,41.36 2 0
github.com/Flur3x/go-chain/blockchain/blockchain.go:45.2,47.12 2 0
github.com/Flur3x/go-chain/blockchain/blockchain.go:35.16,37.3 1 0
github.com/Flur3x/go-chain/blockchain/blockchain.go:41.36,43.3 1 0
github.com/Flur3x/go-chain/blockchain/blockchain.go:51.37,54.36 2 0
github.com/Flur3x/go-chain/blockchain/blockchain.go:74.2,74.52 1 0
github.com/Flur3x/go-chain/blockchain/blockchain.go:54.36,56.38 2 0
github.com/Flur3x/go-chain/blockchain/blockchain.go:71.3,71.14 1 0
github.com/Flur3x/go-chain/blockchain/blockchain.go:56.38,61.18 3 0
github.com/Flur3x/go-chain/blockchain/blockchain.go:66.4,66.40 1 0
github.com/Flur3x/go-chain/blockchain/blockchain.go:61.18,64.5 2 0
github.com/Flur3x/go-chain/blockchain/blockchain.go:66.40,68.5 1 0
github.com/Flur3x/go-chain/blockchain/blockchain.go:77.32,80.33 2 0
github.com/Flur3x/go-chain/blockchain/blockchain.go:84.2,84.15 1 0
github.com/Flur3x/go-chain/blockchain/blockchain.go:80.33,82.3 1 0
github.com/Flur3x/go-chain/blockchain/blockchain.go:87.35,90.16 2 0
github.com/Flur3x/go-chain/blockchain/blockchain.go:94.2,94.39 1 0
github.com/Flur3x/go-chain/blockchain/blockchain.go:90.16,92.3 1 0
github.com/Flur3x/go-chain/blockchain/blockchain.go:98.32,100.2 1 0
github.com/Flur3x/go-chain/blockchain/blockchain.go:102.34,104.2 1 0
github.com/Flur3x/go-chain/blockchain/blockchain.go:106.36,113.16 4 0
github.com/Flur3x/go-chain/blockchain/blockchain.go:117.2,119.47 2 0
github.com/Flur3x/go-chain/blockchain/blockchain.go:123.2,123.19 1 0
github.com/Flur3x/go-chain/blockchain/blockchain.go:113.16,115.3 1 0
github.com/Flur3x/go-chain/blockchain/blockchain.go:119.47,121.3 1 0
github.com/Flur3x/go-chain/blockchain/blockchain.go:126.37,131.16 3 0
github.com/Flur3x/go-chain/blockchain/blockchain.go:135.2,135.41 1 0
github.com/Flur3x/go-chain/blockchain/blockchain.go:139.2,139.43 1 0
github.com/Flur3x/go-chain/blockchain/blockchain.go:143.2,145.46 2 0
github.com/Flur3x/go-chain/blockchain/blockchain.go:149.2,149.12 1 0
github.com/Flur3x/go-chain/blockchain/blockchain.go:131.16,133.3 1 0
github.com/Flur3x/go-chain/blockchain/blockchain.go:135.41,137.3 1 0
github.com/Flur3x/go-chain/blockchain/blockchain.go:139.43,141.3 1 0
github.com/Flur3x/go-chain/blockchain/blockchain.go:145.46,147.3 1 0
github.com/Flur3x/go-chain/blockchain/blockchain.go:152.36,154.2 1 0
